<?xml version="1.0" encoding="UTF-8"?>
<testng-results skipped="0" failed="0" total="1" passed="1">
  <reporter-output>
  </reporter-output>
  <suite name="Default suite" duration-ms="8231" started-at="2021-07-07T07:52:26Z" finished-at="2021-07-07T07:52:34Z">
    <groups>
    </groups>
    <test name="Default test" duration-ms="8231" started-at="2021-07-07T07:52:26Z" finished-at="2021-07-07T07:52:34Z">
      <class name="training.google">
        <test-method status="PASS" signature="trainingTwo()[pri:0, instance:training.google@1ff8b8f]" name="trainingTwo" duration-ms="8217" started-at="2021-07-07T13:22:26Z" finished-at="2021-07-07T13:22:34Z">
          <reporter-output>
          </reporter-output>
        </test-method> <!-- trainingTwo -->
      </class> <!-- training.google -->
    </test> <!-- Default test -->
  </suite> <!-- Default suite -->
</testng-results>
